(0000) 3000  0011000000000000 (   1)                 .ORIG x3000
(3000) 281A  0010100000011010 (   2)                 LD    R4 ADDRESS
(3001) 6300  0110001100000000 (   3)                 LDR   R1 R4 #0
(3002) 6501  0110010100000001 (   4)                 LDR   R2 R4 #1
(3003) 1642  0001011001000010 (   5)                 ADD   R3 R1 R2
(3004) 7702  0111011100000010 (   6)                 STR   R3 R4 #2
(3005) 5642  0101011001000010 (   7)                 AND   R3 R1 R2
(3006) 7703  0111011100000011 (   8)                 STR   R3 R4 #3
(3007) 9A7F  1001101001111111 (   9)                 NOT   R5 R1
(3008) 9CBF  1001110010111111 (  10)                 NOT   R6 R2
(3009) 5746  0101011101000110 (  11)                 AND   R3 R5 R6
(300A) 96FF  1001011011111111 (  12)                 NOT   R3 R3
(300B) 7704  0111011100000100 (  13)                 STR   R3 R4 #4
(300C) 7B05  0111101100000101 (  14)                 STR   R5 R4 #5
(300D) 7D06  0111110100000110 (  15)                 STR   R6 R4 #6
(300E) 1663  0001011001100011 (  16)                 ADD   R3 R1 #3
(300F) 7707  0111011100000111 (  17)                 STR   R3 R4 #7
(3010) 16BD  0001011010111101 (  18)                 ADD   R3 R2 #-3
(3011) 7708  0111011100001000 (  19)                 STR   R3 R4 #8
(3012) 5A61  0101101001100001 (  21)                 AND   R5 R1 #1
(3013) 0404  0000010000000100 (  22)                 BRZ   EVEN
(3014) 56E0  0101011011100000 (  23)                 AND   R3 R3 #0
(3015) 16E1  0001011011100001 (  24)                 ADD   R3 R3 #1
(3016) 7709  0111011100001001 (  25)                 STR   R3 R4 #9
(3017) 0E02  0000111000000010 (  26)                 BRNZP NEXT
(3018) 56E0  0101011011100000 (  28) EVEN            AND   R3 R3 #0
(3019) 7709  0111011100001001 (  29)                 STR   R3 R4 #9
(301A) F025  1111000000100101 (  30) NEXT            TRAP  x25
(301B) 3100  0011000100000000 (  31) ADDRESS         .FILL x3100
