(0000) 3000  0011000000000000 (   1)                 .ORIG x3000
(3000) 2822  0010100000100010 (   2)                 LD    R4 ADDRESS
(3001) 6300  0110001100000000 (   3)                 LDR   R1 R4 #0
(3002) 6501  0110010100000001 (   4)                 LDR   R2 R4 #1
(3003) 96BF  1001011010111111 (   5)                 NOT   R3 R2
(3004) 16E1  0001011011100001 (   6)                 ADD   R3 R3 #1
(3005) 1A43  0001101001000011 (   7)                 ADD   R5 R1 R3
(3006) 7B02  0111101100000010 (   8)                 STR   R5 R4 #2
(3007) 1260  0001001001100000 (  10)                 ADD   R1 R1 #0
(3008) 0602  0000011000000010 (  11)                 BRZP  POSITIVE1
(3009) 927F  1001001001111111 (  12)                 NOT   R1 R1
(300A) 1261  0001001001100001 (  13)                 ADD   R1 R1 #1
(300B) 1260  0001001001100000 (  14) POSITIVE1       ADD   R1 R1 #0
(300C) 7303  0111001100000011 (  15)                 STR   R1 R4 #3
(300D) 14A0  0001010010100000 (  17)                 ADD   R2 R2 #0
(300E) 0602  0000011000000010 (  18)                 BRZP  POSITIVE2
(300F) 94BF  1001010010111111 (  19)                 NOT   R2 R2
(3010) 14A1  0001010010100001 (  20)                 ADD   R2 R2 #1
(3011) 14A0  0001010010100000 (  21) POSITIVE2       ADD   R2 R2 #0
(3012) 7504  0111010100000100 (  22)                 STR   R2 R4 #4
(3013) 9ABF  1001101010111111 (  25)                 NOT   R5 R2
(3014) 1B61  0001101101100001 (  26)                 ADD   R5 R5 #1
(3015) 1C45  0001110001000101 (  27)                 ADD   R6 R1 R5
(3016) 0205  0000001000000101 (  28)                 BRP   R1_LARGER
(3017) 0408  0000010000001000 (  29)                 BRZ   EQUAL
(3018) 56E0  0101011011100000 (  30)                 AND   R3 R3 #0
(3019) 16E2  0001011011100010 (  31)                 ADD   R3 R3 #2
(301A) 7705  0111011100000101 (  32)                 STR   R3 R4 #5
(301B) 0E06  0000111000000110 (  33)                 BRNZP NEXT
(301C) 56E0  0101011011100000 (  35) R1_LARGER       AND   R3 R3 #0
(301D) 16E1  0001011011100001 (  36)                 ADD   R3 R3 #1
(301E) 7705  0111011100000101 (  37)                 STR   R3 R4 #5
(301F) 0E02  0000111000000010 (  38)                 BRNZP NEXT
(3020) 56E0  0101011011100000 (  40) EQUAL           AND   R3 R3 #0
(3021) 7705  0111011100000101 (  41)                 STR   R3 R4 #5
(3022) F025  1111000000100101 (  42) NEXT            TRAP  x25
(3023) 3120  0011000100100000 (  44) ADDRESS         .FILL x3120
